<?xml version="1.0" encoding="UTF-8"?>
<testsuite xmlns:xsi="http://www.w3.org/2001/XMLSchema-instance" xsi:noNamespaceSchemaLocation="https://maven.apache.org/surefire/maven-surefire-plugin/xsd/surefire-test-report.xsd" version="3.0.2" name="com.example.hotel.UserAuthService.UserAuthServiceApplicationTests" time="12.813" tests="2" errors="0" skipped="0" failures="0">
  <properties>
[...]
</properties>
  <testcase name="simpleTest" classname="com.example.hotel.UserAuthService.UserAuthServiceApplicationTests" time="0.038">
    <system-out><![CDATA[23:49:09.147 [main] INFO org.springframework.test.context.support.AnnotationConfigContextLoaderUtils -- Could not detect default configuration classes for test class [com.example.hotel.UserAuthService.UserAuthServiceApplicationTests]: UserAuthServiceApplicationTests does not declare any static, non-private, non-final, nested classes annotated with @Configuration.
23:49:09.434 [main] INFO org.springframework.boot.test.context.SpringBootTestContextBootstrapper -- Found @SpringBootConfiguration com.example.hotel.UserAuthService.UserAuthServiceApplication for test class com.example.hotel.UserAuthService.UserAuthServiceApplicationTests
23:49:10.021 [main] INFO org.springframework.boot.devtools.restart.RestartApplicationListener -- Restart disabled due to context in which it is running

  .   ____          _            __ _ _
 /\\ / ___'_ __ _ _(_)_ __  __ _ \ \ \ \
( ( )\___ | '_ | '_| | '_ \/ _` | \ \ \ \
 \\/  ___)| |_)| | | | | || (_| |  ) ) ) )
  '  |____| .__|_| |_|_| |_\__, | / / / /
 =========|_|==============|___/=/_/_/_/

 :: Spring Boot ::                (v3.4.4)

2025-05-16T23:49:11.637+03:00  INFO 1820 --- [           main] c.e.h.U.UserAuthServiceApplicationTests  : Starting UserAuthServiceApplicationTests using Java 23.0.2 with PID 1820 (started by lenovo in C:\Users\lenovo\Desktop\GUC\Semester 10\ACL\ACL-Booking-System\UserAuthService)
2025-05-16T23:49:11.639+03:00  INFO 1820 --- [           main] c.e.h.U.UserAuthServiceApplicationTests  : The following 1 profile is active: "test"
2025-05-16T23:49:13.903+03:00  INFO 1820 --- [           main] .s.d.r.c.RepositoryConfigurationDelegate : Multiple Spring Data modules found, entering strict repository configuration mode
2025-05-16T23:49:13.908+03:00  INFO 1820 --- [           main] .s.d.r.c.RepositoryConfigurationDelegate : Bootstrapping Spring Data Redis repositories in DEFAULT mode.
2025-05-16T23:49:14.009+03:00  INFO 1820 --- [           main] .RepositoryConfigurationExtensionSupport : Spring Data Redis - Could not safely identify store assignment for repository candidate interface com.example.hotel.UserAuthService.repositories.RoleRepository; If you want this repository to be a Redis repository, consider annotating your entities with one of these annotations: org.springframework.data.redis.core.RedisHash (preferred), or consider extending one of the following types with your repository: org.springframework.data.keyvalue.repository.KeyValueRepository
2025-05-16T23:49:14.011+03:00  INFO 1820 --- [           main] .s.d.r.c.RepositoryConfigurationDelegate : Finished Spring Data repository scanning in 66 ms. Found 0 Redis repository interfaces.
2025-05-16T23:49:14.724+03:00  INFO 1820 --- [           main] o.s.cloud.context.scope.GenericScope     : BeanFactory id=9448d0d6-700f-37fb-ba81-1282aa4020e6
2025-05-16T23:49:15.796+03:00  INFO 1820 --- [           main] c.e.h.U.auth.session.SessionManager      : Initializing SessionManager singleton
2025-05-16T23:49:15.798+03:00  INFO 1820 --- [           main] c.e.h.U.auth.session.SessionManager      : Initializing SessionManager singleton
2025-05-16T23:49:17.188+03:00  INFO 1820 --- [           main] r$InitializeUserDetailsManagerConfigurer : Global AuthenticationManager configured with UserDetailsService bean with name userDetailsServiceImpl
2025-05-16T23:49:20.555+03:00  INFO 1820 --- [           main] o.s.cloud.commons.util.InetUtils         : Cannot determine local hostname
2025-05-16T23:49:21.569+03:00  INFO 1820 --- [           main] o.s.cloud.commons.util.InetUtils         : Cannot determine local hostname
2025-05-16T23:49:21.627+03:00  INFO 1820 --- [           main] c.e.h.U.UserAuthServiceApplicationTests  : Started UserAuthServiceApplicationTests in 11.637 seconds (process running for 15.993)
]]></system-out>
  </testcase>
  <testcase name="contextLoads" classname="com.example.hotel.UserAuthService.UserAuthServiceApplicationTests" time="0.006"/>
</testsuite>