<?xml version="1.0" encoding="UTF-8"?>
<testsuite xmlns:xsi="http://www.w3.org/2001/XMLSchema-instance" xsi:noNamespaceSchemaLocation="https://maven.apache.org/surefire/maven-surefire-plugin/xsd/surefire-test-report.xsd" version="3.0.2" name="com.example.hotel.UserAuthService.SupabaseAuthServiceTest" time="1.059" tests="7" errors="7" skipped="0" failures="0">
  <properties>
[...]
</properties>
  <testcase name="testVerifyPhoneOtp" classname="com.example.hotel.UserAuthService.SupabaseAuthServiceTest" time="0.921">
    <error message="&#10;Unnecessary stubbings detected.&#10;Clean &amp; maintainable test code requires zero unnecessary code.&#10;Following stubbings are unnecessary (click to navigate to relevant line of code):&#10;  1. -&gt; at com.example.hotel.UserAuthService.SupabaseAuthServiceTest.setup(SupabaseAuthServiceTest.java:55)&#10;  2. -&gt; at com.example.hotel.UserAuthService.SupabaseAuthServiceTest.setup(SupabaseAuthServiceTest.java:59)&#10;  3. -&gt; at com.example.hotel.UserAuthService.SupabaseAuthServiceTest.setup(SupabaseAuthServiceTest.java:64)&#10;  4. -&gt; at com.example.hotel.UserAuthService.SupabaseAuthServiceTest.setup(SupabaseAuthServiceTest.java:65)&#10;  5. -&gt; at com.example.hotel.UserAuthService.SupabaseAuthServiceTest.setup(SupabaseAuthServiceTest.java:68)&#10;Please remove unnecessary stubbings or use &apos;lenient&apos; strictness. More info: javadoc for UnnecessaryStubbingException class." type="org.mockito.exceptions.misusing.UnnecessaryStubbingException"><![CDATA[org.mockito.exceptions.misusing.UnnecessaryStubbingException: 

Unnecessary stubbings detected.
Clean & maintainable test code requires zero unnecessary code.
Following stubbings are unnecessary (click to navigate to relevant line of code):
  1. -> at com.example.hotel.UserAuthService.SupabaseAuthServiceTest.setup(SupabaseAuthServiceTest.java:55)
  2. -> at com.example.hotel.UserAuthService.SupabaseAuthServiceTest.setup(SupabaseAuthServiceTest.java:59)
  3. -> at com.example.hotel.UserAuthService.SupabaseAuthServiceTest.setup(SupabaseAuthServiceTest.java:64)
  4. -> at com.example.hotel.UserAuthService.SupabaseAuthServiceTest.setup(SupabaseAuthServiceTest.java:65)
  5. -> at com.example.hotel.UserAuthService.SupabaseAuthServiceTest.setup(SupabaseAuthServiceTest.java:68)
Please remove unnecessary stubbings or use 'lenient' strictness. More info: javadoc for UnnecessaryStubbingException class.
	at org.mockito.junit.jupiter.MockitoExtension.afterEach(MockitoExtension.java:197)
	at java.base/java.util.ArrayList.forEach(ArrayList.java:1597)
	at java.base/java.util.ArrayList.forEach(ArrayList.java:1597)
]]></error>
    <system-out><![CDATA[2025-05-19T16:19:22.603+03:00  INFO 26310 --- [           main] c.e.h.U.Services.SupabaseAuthService     : Verifying OTP for phone: +1234567890
2025-05-19T16:19:22.616+03:00  INFO 26310 --- [           main] c.e.h.U.Services.SupabaseAuthService     : Successfully verified OTP for phone: +1234567890
]]></system-out>
  </testcase>
  <testcase name="testGetWalletBalance" classname="com.example.hotel.UserAuthService.SupabaseAuthServiceTest" time="0.023">
    <error message="Cannot invoke &quot;org.springframework.web.reactive.function.client.WebClient$RequestHeadersUriSpec.uri(String, Object[])&quot; because the return value of &quot;org.springframework.web.reactive.function.client.WebClient.get()&quot; is null" type="java.lang.NullPointerException"><![CDATA[java.lang.NullPointerException: Cannot invoke "org.springframework.web.reactive.function.client.WebClient$RequestHeadersUriSpec.uri(String, Object[])" because the return value of "org.springframework.web.reactive.function.client.WebClient.get()" is null
	at com.example.hotel.UserAuthService.Services.SupabaseAuthService.getWalletBalance(SupabaseAuthService.java:228)
	at com.example.hotel.UserAuthService.SupabaseAuthServiceTest.testGetWalletBalance(SupabaseAuthServiceTest.java:203)
	at java.base/java.lang.reflect.Method.invoke(Method.java:580)
	at java.base/java.util.ArrayList.forEach(ArrayList.java:1597)
	at java.base/java.util.ArrayList.forEach(ArrayList.java:1597)
]]></error>
    <system-out><![CDATA[2025-05-19T16:19:22.648+03:00  INFO 26310 --- [           main] c.e.h.U.Services.SupabaseAuthService     : Getting wallet balance for user: user-123
]]></system-out>
  </testcase>
  <testcase name="testSignUpWithEmail" classname="com.example.hotel.UserAuthService.SupabaseAuthServiceTest" time="0.03">
    <error message="&#10;Unnecessary stubbings detected.&#10;Clean &amp; maintainable test code requires zero unnecessary code.&#10;Following stubbings are unnecessary (click to navigate to relevant line of code):&#10;  1. -&gt; at com.example.hotel.UserAuthService.SupabaseAuthServiceTest.setup(SupabaseAuthServiceTest.java:55)&#10;  2. -&gt; at com.example.hotel.UserAuthService.SupabaseAuthServiceTest.setup(SupabaseAuthServiceTest.java:59)&#10;  3. -&gt; at com.example.hotel.UserAuthService.SupabaseAuthServiceTest.setup(SupabaseAuthServiceTest.java:64)&#10;  4. -&gt; at com.example.hotel.UserAuthService.SupabaseAuthServiceTest.setup(SupabaseAuthServiceTest.java:65)&#10;  5. -&gt; at com.example.hotel.UserAuthService.SupabaseAuthServiceTest.setup(SupabaseAuthServiceTest.java:68)&#10;Please remove unnecessary stubbings or use &apos;lenient&apos; strictness. More info: javadoc for UnnecessaryStubbingException class." type="org.mockito.exceptions.misusing.UnnecessaryStubbingException"><![CDATA[org.mockito.exceptions.misusing.UnnecessaryStubbingException: 

Unnecessary stubbings detected.
Clean & maintainable test code requires zero unnecessary code.
Following stubbings are unnecessary (click to navigate to relevant line of code):
  1. -> at com.example.hotel.UserAuthService.SupabaseAuthServiceTest.setup(SupabaseAuthServiceTest.java:55)
  2. -> at com.example.hotel.UserAuthService.SupabaseAuthServiceTest.setup(SupabaseAuthServiceTest.java:59)
  3. -> at com.example.hotel.UserAuthService.SupabaseAuthServiceTest.setup(SupabaseAuthServiceTest.java:64)
  4. -> at com.example.hotel.UserAuthService.SupabaseAuthServiceTest.setup(SupabaseAuthServiceTest.java:65)
  5. -> at com.example.hotel.UserAuthService.SupabaseAuthServiceTest.setup(SupabaseAuthServiceTest.java:68)
Please remove unnecessary stubbings or use 'lenient' strictness. More info: javadoc for UnnecessaryStubbingException class.
	at org.mockito.junit.jupiter.MockitoExtension.afterEach(MockitoExtension.java:197)
	at java.base/java.util.ArrayList.forEach(ArrayList.java:1597)
	at java.base/java.util.ArrayList.forEach(ArrayList.java:1597)
]]></error>
    <system-out><![CDATA[2025-05-19T16:19:22.687+03:00  INFO 26310 --- [           main] c.e.h.U.Services.SupabaseAuthService     : Signing up user with email: test@example.com
2025-05-19T16:19:22.696+03:00  INFO 26310 --- [           main] c.e.h.U.Services.SupabaseAuthService     : Successfully signed up user with email: test@example.com
]]></system-out>
  </testcase>
  <testcase name="testSignUpWithPhone" classname="com.example.hotel.UserAuthService.SupabaseAuthServiceTest" time="0.027">
    <error message="&#10;Unnecessary stubbings detected.&#10;Clean &amp; maintainable test code requires zero unnecessary code.&#10;Following stubbings are unnecessary (click to navigate to relevant line of code):&#10;  1. -&gt; at com.example.hotel.UserAuthService.SupabaseAuthServiceTest.setup(SupabaseAuthServiceTest.java:55)&#10;  2. -&gt; at com.example.hotel.UserAuthService.SupabaseAuthServiceTest.setup(SupabaseAuthServiceTest.java:59)&#10;  3. -&gt; at com.example.hotel.UserAuthService.SupabaseAuthServiceTest.setup(SupabaseAuthServiceTest.java:64)&#10;  4. -&gt; at com.example.hotel.UserAuthService.SupabaseAuthServiceTest.setup(SupabaseAuthServiceTest.java:65)&#10;  5. -&gt; at com.example.hotel.UserAuthService.SupabaseAuthServiceTest.setup(SupabaseAuthServiceTest.java:68)&#10;Please remove unnecessary stubbings or use &apos;lenient&apos; strictness. More info: javadoc for UnnecessaryStubbingException class." type="org.mockito.exceptions.misusing.UnnecessaryStubbingException"><![CDATA[org.mockito.exceptions.misusing.UnnecessaryStubbingException: 

Unnecessary stubbings detected.
Clean & maintainable test code requires zero unnecessary code.
Following stubbings are unnecessary (click to navigate to relevant line of code):
  1. -> at com.example.hotel.UserAuthService.SupabaseAuthServiceTest.setup(SupabaseAuthServiceTest.java:55)
  2. -> at com.example.hotel.UserAuthService.SupabaseAuthServiceTest.setup(SupabaseAuthServiceTest.java:59)
  3. -> at com.example.hotel.UserAuthService.SupabaseAuthServiceTest.setup(SupabaseAuthServiceTest.java:64)
  4. -> at com.example.hotel.UserAuthService.SupabaseAuthServiceTest.setup(SupabaseAuthServiceTest.java:65)
  5. -> at com.example.hotel.UserAuthService.SupabaseAuthServiceTest.setup(SupabaseAuthServiceTest.java:68)
Please remove unnecessary stubbings or use 'lenient' strictness. More info: javadoc for UnnecessaryStubbingException class.
	at org.mockito.junit.jupiter.MockitoExtension.afterEach(MockitoExtension.java:197)
	at java.base/java.util.ArrayList.forEach(ArrayList.java:1597)
	at java.base/java.util.ArrayList.forEach(ArrayList.java:1597)
]]></error>
    <system-out><![CDATA[2025-05-19T16:19:22.714+03:00  INFO 26310 --- [           main] c.e.h.U.Services.SupabaseAuthService     : Signing up user with phone: +1234567890
2025-05-19T16:19:22.722+03:00  INFO 26310 --- [           main] c.e.h.U.Services.SupabaseAuthService     : Successfully signed up user with phone: +1234567890
]]></system-out>
  </testcase>
  <testcase name="testSignInWithEmail" classname="com.example.hotel.UserAuthService.SupabaseAuthServiceTest" time="0.007">
    <error message="&#10;Unnecessary stubbings detected.&#10;Clean &amp; maintainable test code requires zero unnecessary code.&#10;Following stubbings are unnecessary (click to navigate to relevant line of code):&#10;  1. -&gt; at com.example.hotel.UserAuthService.SupabaseAuthServiceTest.setup(SupabaseAuthServiceTest.java:55)&#10;  2. -&gt; at com.example.hotel.UserAuthService.SupabaseAuthServiceTest.setup(SupabaseAuthServiceTest.java:59)&#10;  3. -&gt; at com.example.hotel.UserAuthService.SupabaseAuthServiceTest.setup(SupabaseAuthServiceTest.java:64)&#10;  4. -&gt; at com.example.hotel.UserAuthService.SupabaseAuthServiceTest.setup(SupabaseAuthServiceTest.java:65)&#10;  5. -&gt; at com.example.hotel.UserAuthService.SupabaseAuthServiceTest.setup(SupabaseAuthServiceTest.java:68)&#10;Please remove unnecessary stubbings or use &apos;lenient&apos; strictness. More info: javadoc for UnnecessaryStubbingException class." type="org.mockito.exceptions.misusing.UnnecessaryStubbingException"><![CDATA[org.mockito.exceptions.misusing.UnnecessaryStubbingException: 

Unnecessary stubbings detected.
Clean & maintainable test code requires zero unnecessary code.
Following stubbings are unnecessary (click to navigate to relevant line of code):
  1. -> at com.example.hotel.UserAuthService.SupabaseAuthServiceTest.setup(SupabaseAuthServiceTest.java:55)
  2. -> at com.example.hotel.UserAuthService.SupabaseAuthServiceTest.setup(SupabaseAuthServiceTest.java:59)
  3. -> at com.example.hotel.UserAuthService.SupabaseAuthServiceTest.setup(SupabaseAuthServiceTest.java:64)
  4. -> at com.example.hotel.UserAuthService.SupabaseAuthServiceTest.setup(SupabaseAuthServiceTest.java:65)
  5. -> at com.example.hotel.UserAuthService.SupabaseAuthServiceTest.setup(SupabaseAuthServiceTest.java:68)
Please remove unnecessary stubbings or use 'lenient' strictness. More info: javadoc for UnnecessaryStubbingException class.
	at org.mockito.junit.jupiter.MockitoExtension.afterEach(MockitoExtension.java:197)
	at java.base/java.util.ArrayList.forEach(ArrayList.java:1597)
	at java.base/java.util.ArrayList.forEach(ArrayList.java:1597)
]]></error>
    <system-out><![CDATA[2025-05-19T16:19:22.731+03:00  INFO 26310 --- [           main] c.e.h.U.Services.SupabaseAuthService     : Signing in user with email: test@example.com
2025-05-19T16:19:22.732+03:00  INFO 26310 --- [           main] c.e.h.U.Services.SupabaseAuthService     : Successfully signed in user with email: test@example.com
]]></system-out>
  </testcase>
  <testcase name="testSignInWithPhone" classname="com.example.hotel.UserAuthService.SupabaseAuthServiceTest" time="0.021">
    <error message="&#10;Unnecessary stubbings detected.&#10;Clean &amp; maintainable test code requires zero unnecessary code.&#10;Following stubbings are unnecessary (click to navigate to relevant line of code):&#10;  1. -&gt; at com.example.hotel.UserAuthService.SupabaseAuthServiceTest.setup(SupabaseAuthServiceTest.java:55)&#10;  2. -&gt; at com.example.hotel.UserAuthService.SupabaseAuthServiceTest.setup(SupabaseAuthServiceTest.java:59)&#10;  3. -&gt; at com.example.hotel.UserAuthService.SupabaseAuthServiceTest.setup(SupabaseAuthServiceTest.java:64)&#10;  4. -&gt; at com.example.hotel.UserAuthService.SupabaseAuthServiceTest.setup(SupabaseAuthServiceTest.java:65)&#10;  5. -&gt; at com.example.hotel.UserAuthService.SupabaseAuthServiceTest.setup(SupabaseAuthServiceTest.java:68)&#10;Please remove unnecessary stubbings or use &apos;lenient&apos; strictness. More info: javadoc for UnnecessaryStubbingException class." type="org.mockito.exceptions.misusing.UnnecessaryStubbingException"><![CDATA[org.mockito.exceptions.misusing.UnnecessaryStubbingException: 

Unnecessary stubbings detected.
Clean & maintainable test code requires zero unnecessary code.
Following stubbings are unnecessary (click to navigate to relevant line of code):
  1. -> at com.example.hotel.UserAuthService.SupabaseAuthServiceTest.setup(SupabaseAuthServiceTest.java:55)
  2. -> at com.example.hotel.UserAuthService.SupabaseAuthServiceTest.setup(SupabaseAuthServiceTest.java:59)
  3. -> at com.example.hotel.UserAuthService.SupabaseAuthServiceTest.setup(SupabaseAuthServiceTest.java:64)
  4. -> at com.example.hotel.UserAuthService.SupabaseAuthServiceTest.setup(SupabaseAuthServiceTest.java:65)
  5. -> at com.example.hotel.UserAuthService.SupabaseAuthServiceTest.setup(SupabaseAuthServiceTest.java:68)
Please remove unnecessary stubbings or use 'lenient' strictness. More info: javadoc for UnnecessaryStubbingException class.
	at org.mockito.junit.jupiter.MockitoExtension.afterEach(MockitoExtension.java:197)
	at java.base/java.util.ArrayList.forEach(ArrayList.java:1597)
	at java.base/java.util.ArrayList.forEach(ArrayList.java:1597)
]]></error>
    <system-out><![CDATA[2025-05-19T16:19:22.757+03:00  INFO 26310 --- [           main] c.e.h.U.Services.SupabaseAuthService     : Signing in user with phone: +1234567890
]]></system-out>
  </testcase>
  <testcase name="testResetPassword" classname="com.example.hotel.UserAuthService.SupabaseAuthServiceTest" time="0.01">
    <error message="&#10;Unnecessary stubbings detected.&#10;Clean &amp; maintainable test code requires zero unnecessary code.&#10;Following stubbings are unnecessary (click to navigate to relevant line of code):&#10;  1. -&gt; at com.example.hotel.UserAuthService.SupabaseAuthServiceTest.setup(SupabaseAuthServiceTest.java:55)&#10;  2. -&gt; at com.example.hotel.UserAuthService.SupabaseAuthServiceTest.setup(SupabaseAuthServiceTest.java:59)&#10;  3. -&gt; at com.example.hotel.UserAuthService.SupabaseAuthServiceTest.setup(SupabaseAuthServiceTest.java:64)&#10;  4. -&gt; at com.example.hotel.UserAuthService.SupabaseAuthServiceTest.setup(SupabaseAuthServiceTest.java:65)&#10;  5. -&gt; at com.example.hotel.UserAuthService.SupabaseAuthServiceTest.setup(SupabaseAuthServiceTest.java:68)&#10;Please remove unnecessary stubbings or use &apos;lenient&apos; strictness. More info: javadoc for UnnecessaryStubbingException class." type="org.mockito.exceptions.misusing.UnnecessaryStubbingException"><![CDATA[org.mockito.exceptions.misusing.UnnecessaryStubbingException: 

Unnecessary stubbings detected.
Clean & maintainable test code requires zero unnecessary code.
Following stubbings are unnecessary (click to navigate to relevant line of code):
  1. -> at com.example.hotel.UserAuthService.SupabaseAuthServiceTest.setup(SupabaseAuthServiceTest.java:55)
  2. -> at com.example.hotel.UserAuthService.SupabaseAuthServiceTest.setup(SupabaseAuthServiceTest.java:59)
  3. -> at com.example.hotel.UserAuthService.SupabaseAuthServiceTest.setup(SupabaseAuthServiceTest.java:64)
  4. -> at com.example.hotel.UserAuthService.SupabaseAuthServiceTest.setup(SupabaseAuthServiceTest.java:65)
  5. -> at com.example.hotel.UserAuthService.SupabaseAuthServiceTest.setup(SupabaseAuthServiceTest.java:68)
Please remove unnecessary stubbings or use 'lenient' strictness. More info: javadoc for UnnecessaryStubbingException class.
	at org.mockito.junit.jupiter.MockitoExtension.afterEach(MockitoExtension.java:197)
	at java.base/java.util.ArrayList.forEach(ArrayList.java:1597)
	at java.base/java.util.ArrayList.forEach(ArrayList.java:1597)
]]></error>
    <system-out><![CDATA[2025-05-19T16:19:22.769+03:00  INFO 26310 --- [           main] c.e.h.U.Services.SupabaseAuthService     : Requesting password reset for email: test@example.com
]]></system-out>
  </testcase>
</testsuite>