<?xml version="1.0" encoding="UTF-8"?>
<testsuite xmlns:xsi="http://www.w3.org/2001/XMLSchema-instance" xsi:noNamespaceSchemaLocation="https://maven.apache.org/surefire/maven-surefire-plugin/xsd/surefire-test-report.xsd" version="3.0.2" name="com.example.hotel.UserAuthService.Controllers.OAuthControllerTest" time="1.235" tests="2" errors="0" skipped="0" failures="0">
  <properties>
[...]
</properties>
  <testcase name="testHandleOAuthCallback" classname="com.example.hotel.UserAuthService.Controllers.OAuthControllerTest" time="0.214">
    <system-out><![CDATA[2025-05-03T17:00:25.088+03:00  INFO 63694 --- [UserAuthService] [           main] t.c.s.AnnotationConfigContextLoaderUtils : Could not detect default configuration classes for test class [com.example.hotel.UserAuthService.Controllers.OAuthControllerTest]: OAuthControllerTest does not declare any static, non-private, non-final, nested classes annotated with @Configuration.
2025-05-03T17:00:25.094+03:00  INFO 63694 --- [UserAuthService] [           main] .b.t.c.SpringBootTestContextBootstrapper : Found @SpringBootConfiguration com.example.hotel.UserAuthService.UserAuthServiceApplication for test class com.example.hotel.UserAuthService.Controllers.OAuthControllerTest
2025-05-03T17:00:25.095+03:00  INFO 63694 --- [UserAuthService] [           main] o.s.b.d.r.RestartApplicationListener     : Restart disabled due to context in which it is running

  .   ____          _            __ _ _
 /\\ / ___'_ __ _ _(_)_ __  __ _ \ \ \ \
( ( )\___ | '_ | '_| | '_ \/ _` | \ \ \ \
 \\/  ___)| |_)| | | | | || (_| |  ) ) ) )
  '  |____| .__|_| |_|_| |_\__, | / / / /
 =========|_|==============|___/=/_/_/_/

 :: Spring Boot ::                (v3.4.4)

2025-05-03T17:00:25.114+03:00  INFO 63694 --- [UserAuthService] [           main] c.e.h.U.Controllers.OAuthControllerTest  : Starting OAuthControllerTest using Java 23.0.2 with PID 63694 (started by hazzouma in /Users/hazzouma/Documents/uni/sem 19/ACL-Booking-System/UserAuthService)
2025-05-03T17:00:25.115+03:00  INFO 63694 --- [UserAuthService] [           main] c.e.h.U.Controllers.OAuthControllerTest  : The following 1 profile is active: "test"
2025-05-03T17:00:25.197+03:00  INFO 63694 --- [UserAuthService] [           main] .s.d.r.c.RepositoryConfigurationDelegate : Bootstrapping Spring Data JPA repositories in DEFAULT mode.
2025-05-03T17:00:25.201+03:00  INFO 63694 --- [UserAuthService] [           main] .s.d.r.c.RepositoryConfigurationDelegate : Finished Spring Data repository scanning in 3 ms. Found 2 JPA repository interfaces.
2025-05-03T17:00:25.224+03:00  INFO 63694 --- [UserAuthService] [           main] o.s.cloud.context.scope.GenericScope     : BeanFactory id=9fa58e2f-5914-3ea1-a15c-eb193645d27d
2025-05-03T17:00:25.400+03:00  INFO 63694 --- [UserAuthService] [           main] o.s.b.w.embedded.tomcat.TomcatWebServer  : Tomcat initialized with port 0 (http)
2025-05-03T17:00:25.408+03:00  INFO 63694 --- [UserAuthService] [           main] o.apache.catalina.core.StandardService   : Starting service [Tomcat]
2025-05-03T17:00:25.408+03:00  INFO 63694 --- [UserAuthService] [           main] o.apache.catalina.core.StandardEngine    : Starting Servlet engine: [Apache Tomcat/10.1.39]
2025-05-03T17:00:25.430+03:00  INFO 63694 --- [UserAuthService] [           main] o.a.c.c.C.[Tomcat].[localhost].[/]       : Initializing Spring embedded WebApplicationContext
2025-05-03T17:00:25.431+03:00  INFO 63694 --- [UserAuthService] [           main] w.s.c.ServletWebServerApplicationContext : Root WebApplicationContext: initialization completed in 316 ms
2025-05-03T17:00:25.498+03:00  INFO 63694 --- [UserAuthService] [           main] o.hibernate.jpa.internal.util.LogHelper  : HHH000204: Processing PersistenceUnitInfo [name: default]
2025-05-03T17:00:25.499+03:00  INFO 63694 --- [UserAuthService] [           main] o.h.c.internal.RegionFactoryInitiator    : HHH000026: Second-level cache disabled
2025-05-03T17:00:25.505+03:00  INFO 63694 --- [UserAuthService] [           main] o.s.o.j.p.SpringPersistenceUnitInfo      : No LoadTimeWeaver setup: ignoring JPA class transformer
2025-05-03T17:00:25.506+03:00  INFO 63694 --- [UserAuthService] [           main] com.zaxxer.hikari.HikariDataSource       : HikariPool-2 - Starting...
2025-05-03T17:00:25.506+03:00  INFO 63694 --- [UserAuthService] [           main] com.zaxxer.hikari.pool.HikariPool        : HikariPool-2 - Added connection conn10: url=jdbc:h2:mem:testdb user=SA
2025-05-03T17:00:25.506+03:00  INFO 63694 --- [UserAuthService] [           main] com.zaxxer.hikari.HikariDataSource       : HikariPool-2 - Start completed.
2025-05-03T17:00:25.506+03:00  WARN 63694 --- [UserAuthService] [           main] org.hibernate.orm.deprecation            : HHH90000025: H2Dialect does not need to be specified explicitly using 'hibernate.dialect' (remove the property setting and it will be selected by default)
2025-05-03T17:00:25.507+03:00  INFO 63694 --- [UserAuthService] [           main] org.hibernate.orm.connections.pooling    : HHH10001005: Database info:
	Database JDBC URL [Connecting through datasource 'HikariDataSource (HikariPool-2)']
	Database driver: undefined/unknown
	Database version: 2.3.232
	Autocommit mode: undefined/unknown
	Isolation level: undefined/unknown
	Minimum pool size: undefined/unknown
	Maximum pool size: undefined/unknown
2025-05-03T17:00:25.534+03:00  INFO 63694 --- [UserAuthService] [           main] o.h.e.t.j.p.i.JtaPlatformInitiator       : HHH000489: No JTA platform available (set 'hibernate.transaction.jta.platform' to enable JTA platform integration)
Hibernate: 
    drop table if exists roles cascade 
Hibernate: 
    drop table if exists user_roles cascade 
Hibernate: 
    drop table if exists users cascade 
Hibernate: 
    create table roles (
        id integer generated by default as identity,
        name enum ('ROLE_ADMIN','ROLE_EVENT_ORGANIZER','ROLE_USER'),
        primary key (id)
    )
Hibernate: 
    create table user_roles (
        role_id integer not null,
        user_id bigint not null,
        primary key (role_id, user_id)
    )
Hibernate: 
    create table users (
        id bigint generated by default as identity,
        username varchar(20) not null,
        email varchar(50) not null,
        password varchar(120) not null,
        primary key (id),
        unique (username),
        unique (email)
    )
Hibernate: 
    alter table if exists user_roles 
       add constraint FKh8ciramu9cc9q3qcqiv4ue8a6 
       foreign key (role_id) 
       references roles
Hibernate: 
    alter table if exists user_roles 
       add constraint FKhfh9dx7w3ubf1co1vdev94g3f 
       foreign key (user_id) 
       references users
2025-05-03T17:00:25.540+03:00  INFO 63694 --- [UserAuthService] [           main] j.LocalContainerEntityManagerFactoryBean : Initialized JPA EntityManagerFactory for persistence unit 'default'
2025-05-03T17:00:25.596+03:00  INFO 63694 --- [UserAuthService] [           main] eAuthenticationProviderManagerConfigurer : Global AuthenticationManager configured with AuthenticationProvider bean with name authenticationProvider
2025-05-03T17:00:25.596+03:00  WARN 63694 --- [UserAuthService] [           main] r$InitializeUserDetailsManagerConfigurer : Global AuthenticationManager configured with an AuthenticationProvider bean. UserDetailsService beans will not be used by Spring Security for automatically configuring username/password login. Consider removing the AuthenticationProvider bean. Alternatively, consider using the UserDetailsService in a manually instantiated DaoAuthenticationProvider. If the current configuration is intentional, to turn off this warning, increase the logging level of 'org.springframework.security.config.annotation.authentication.configuration.InitializeUserDetailsBeanManagerConfigurer' to ERROR
2025-05-03T17:00:25.624+03:00  WARN 63694 --- [UserAuthService] [           main] JpaBaseConfiguration$JpaWebConfiguration : spring.jpa.open-in-view is enabled by default. Therefore, database queries may be performed during view rendering. Explicitly configure spring.jpa.open-in-view to disable this warning
2025-05-03T17:00:26.018+03:00  INFO 63694 --- [UserAuthService] [           main] o.s.b.a.h2.H2ConsoleAutoConfiguration    : H2 console available at '/h2-console'. Database available at 'jdbc:h2:mem:testdb'
2025-05-03T17:00:26.084+03:00  INFO 63694 --- [UserAuthService] [           main] o.s.b.w.embedded.tomcat.TomcatWebServer  : Tomcat started on port 50473 (http) with context path '/'
2025-05-03T17:00:26.090+03:00  INFO 63694 --- [UserAuthService] [           main] c.e.h.U.Controllers.OAuthControllerTest  : Started OAuthControllerTest in 0.995 seconds (process running for 4.113)
2025-05-03T17:00:26.153+03:00 ERROR 63694 --- [UserAuthService] [           main] i.n.r.d.DnsServerAddressStreamProviders  : Unable to load io.netty.resolver.dns.macos.MacOSDnsServerAddressStreamProvider, fallback to system defaults. This may result in incorrect DNS resolutions on MacOS. Check whether you have a dependency on 'io.netty:netty-resolver-dns-native-macos'. Use DEBUG level to see the full stack: java.lang.UnsatisfiedLinkError: failed to load the required native library
2025-05-03T17:00:26.242+03:00  INFO 63694 --- [UserAuthService] [o-auto-1-exec-1] o.a.c.c.C.[Tomcat].[localhost].[/]       : Initializing Spring DispatcherServlet 'dispatcherServlet'
2025-05-03T17:00:26.242+03:00  INFO 63694 --- [UserAuthService] [o-auto-1-exec-1] o.s.web.servlet.DispatcherServlet        : Initializing Servlet 'dispatcherServlet'
2025-05-03T17:00:26.243+03:00  INFO 63694 --- [UserAuthService] [o-auto-1-exec-1] o.s.web.servlet.DispatcherServlet        : Completed initialization in 1 ms
2025-05-03T17:00:26.259+03:00  INFO 63694 --- [UserAuthService] [o-auto-1-exec-1] c.e.h.U.Controllers.OAuthController      : Received OAuth callback with code
]]></system-out>
  </testcase>
  <testcase name="testGetGoogleSignInUrl" classname="com.example.hotel.UserAuthService.Controllers.OAuthControllerTest" time="0.008">
    <system-out><![CDATA[2025-05-03T17:00:26.316+03:00  INFO 63694 --- [UserAuthService] [o-auto-1-exec-2] c.e.h.U.Controllers.OAuthController      : Initiating Google sign-in
]]></system-out>
  </testcase>
</testsuite>