<?xml version="1.0" encoding="UTF-8"?>
<testsuite xmlns:xsi="http://www.w3.org/2001/XMLSchema-instance" xsi:noNamespaceSchemaLocation="https://maven.apache.org/surefire/maven-surefire-plugin/xsd/surefire-test-report.xsd" version="3.0.2" name="com.example.hotel.EventService.EventServiceApplicationTests" time="3.015" tests="2" errors="0" skipped="0" failures="0">
  <properties>
[...]
</properties>
  <testcase name="simpleTest" classname="com.example.hotel.EventService.EventServiceApplicationTests" time="0.253">
    <system-out><![CDATA[19:45:38.805 [main] INFO org.springframework.test.context.support.AnnotationConfigContextLoaderUtils -- Could not detect default configuration classes for test class [com.example.hotel.EventService.EventServiceApplicationTests]: EventServiceApplicationTests does not declare any static, non-private, non-final, nested classes annotated with @Configuration.
19:45:38.857 [main] INFO org.springframework.boot.test.context.SpringBootTestContextBootstrapper -- Found @SpringBootConfiguration com.example.hotel.EventService.EventServiceApplication for test class com.example.hotel.EventService.EventServiceApplicationTests
19:45:39.009 [main] INFO org.springframework.boot.devtools.restart.RestartApplicationListener -- Restart disabled due to context in which it is running

  .   ____          _            __ _ _
 /\\ / ___'_ __ _ _(_)_ __  __ _ \ \ \ \
( ( )\___ | '_ | '_| | '_ \/ _` | \ \ \ \
 \\/  ___)| |_)| | | | | || (_| |  ) ) ) )
  '  |____| .__|_| |_|_| |_\__, | / / / /
 =========|_|==============|___/=/_/_/_/

 :: Spring Boot ::                (v3.4.4)

2025-05-16T19:45:39.140+03:00  INFO 47898 --- [EventService] [           main] c.e.h.E.EventServiceApplicationTests     : Starting EventServiceApplicationTests using Java 23.0.2 with PID 47898 (started by hazzouma in /Users/hazzouma/Documents/uni/sem 19/ACL-Booking-System/EventService)
2025-05-16T19:45:39.141+03:00  INFO 47898 --- [EventService] [           main] c.e.h.E.EventServiceApplicationTests     : The following 1 profile is active: "test"
2025-05-16T19:45:39.447+03:00  INFO 47898 --- [EventService] [           main] .s.d.r.c.RepositoryConfigurationDelegate : Multiple Spring Data modules found, entering strict repository configuration mode
2025-05-16T19:45:39.448+03:00  INFO 47898 --- [EventService] [           main] .s.d.r.c.RepositoryConfigurationDelegate : Bootstrapping Spring Data JPA repositories in DEFAULT mode.
2025-05-16T19:45:39.508+03:00  INFO 47898 --- [EventService] [           main] .s.d.r.c.RepositoryConfigurationDelegate : Finished Spring Data repository scanning in 55 ms. Found 2 JPA repository interfaces.
2025-05-16T19:45:39.517+03:00  INFO 47898 --- [EventService] [           main] .s.d.r.c.RepositoryConfigurationDelegate : Multiple Spring Data modules found, entering strict repository configuration mode
2025-05-16T19:45:39.517+03:00  INFO 47898 --- [EventService] [           main] .s.d.r.c.RepositoryConfigurationDelegate : Bootstrapping Spring Data Redis repositories in DEFAULT mode.
2025-05-16T19:45:39.524+03:00  INFO 47898 --- [EventService] [           main] .RepositoryConfigurationExtensionSupport : Spring Data Redis - Could not safely identify store assignment for repository candidate interface com.example.hotel.EventService.repositories.CategoryRepository; If you want this repository to be a Redis repository, consider annotating your entities with one of these annotations: org.springframework.data.redis.core.RedisHash (preferred), or consider extending one of the following types with your repository: org.springframework.data.keyvalue.repository.KeyValueRepository
2025-05-16T19:45:39.524+03:00  INFO 47898 --- [EventService] [           main] .RepositoryConfigurationExtensionSupport : Spring Data Redis - Could not safely identify store assignment for repository candidate interface com.example.hotel.EventService.repositories.EventRepository; If you want this repository to be a Redis repository, consider annotating your entities with one of these annotations: org.springframework.data.redis.core.RedisHash (preferred), or consider extending one of the following types with your repository: org.springframework.data.keyvalue.repository.KeyValueRepository
2025-05-16T19:45:39.524+03:00  INFO 47898 --- [EventService] [           main] .s.d.r.c.RepositoryConfigurationDelegate : Finished Spring Data repository scanning in 2 ms. Found 0 Redis repository interfaces.
2025-05-16T19:45:39.635+03:00  INFO 47898 --- [EventService] [           main] o.s.cloud.context.scope.GenericScope     : BeanFactory id=60a471be-fbe6-3db1-83d8-d1656c353b6b
2025-05-16T19:45:39.748+03:00  INFO 47898 --- [EventService] [           main] o.hibernate.jpa.internal.util.LogHelper  : HHH000204: Processing PersistenceUnitInfo [name: default]
2025-05-16T19:45:39.776+03:00  INFO 47898 --- [EventService] [           main] org.hibernate.Version                    : HHH000412: Hibernate ORM core version 6.6.11.Final
2025-05-16T19:45:39.789+03:00  INFO 47898 --- [EventService] [           main] o.h.c.internal.RegionFactoryInitiator    : HHH000026: Second-level cache disabled
2025-05-16T19:45:39.888+03:00  INFO 47898 --- [EventService] [           main] o.s.o.j.p.SpringPersistenceUnitInfo      : No LoadTimeWeaver setup: ignoring JPA class transformer
2025-05-16T19:45:39.900+03:00  INFO 47898 --- [EventService] [           main] com.zaxxer.hikari.HikariDataSource       : HikariPool-1 - Starting...
2025-05-16T19:45:39.975+03:00  INFO 47898 --- [EventService] [           main] com.zaxxer.hikari.pool.HikariPool        : HikariPool-1 - Added connection conn0: url=jdbc:h2:mem:testdb user=SA
2025-05-16T19:45:39.976+03:00  INFO 47898 --- [EventService] [           main] com.zaxxer.hikari.HikariDataSource       : HikariPool-1 - Start completed.
2025-05-16T19:45:39.988+03:00  WARN 47898 --- [EventService] [           main] org.hibernate.orm.deprecation            : HHH90000025: H2Dialect does not need to be specified explicitly using 'hibernate.dialect' (remove the property setting and it will be selected by default)
2025-05-16T19:45:39.997+03:00  INFO 47898 --- [EventService] [           main] org.hibernate.orm.connections.pooling    : HHH10001005: Database info:
	Database JDBC URL [Connecting through datasource 'HikariDataSource (HikariPool-1)']
	Database driver: undefined/unknown
	Database version: 2.3.232
	Autocommit mode: undefined/unknown
	Isolation level: undefined/unknown
	Minimum pool size: undefined/unknown
	Maximum pool size: undefined/unknown
2025-05-16T19:45:40.352+03:00  INFO 47898 --- [EventService] [           main] o.h.e.t.j.p.i.JtaPlatformInitiator       : HHH000489: No JTA platform available (set 'hibernate.transaction.jta.platform' to enable JTA platform integration)
Hibernate: 
    drop table if exists categories cascade 
Hibernate: 
    drop table if exists event_categories cascade 
Hibernate: 
    drop table if exists event_participants cascade 
Hibernate: 
    drop table if exists events cascade 
Hibernate: 
    create table categories (
        id bigint generated by default as identity,
        name varchar(50) not null unique,
        description varchar(200),
        primary key (id)
    )
Hibernate: 
    create table event_categories (
        category_id bigint not null,
        event_id bigint not null,
        primary key (category_id, event_id)
    )
Hibernate: 
    create table event_participants (
        event_id bigint not null,
        participant_id bigint
    )
Hibernate: 
    create table events (
        available_tickets integer not null,
        capacity integer not null,
        is_published boolean not null,
        price float(53) not null,
        end_date_time timestamp(6) not null,
        id bigint generated by default as identity,
        organizer_id bigint not null,
        start_date_time timestamp(6) not null,
        title varchar(100) not null,
        location varchar(200) not null,
        description varchar(1000) not null,
        currency varchar(255),
        image_url varchar(255),
        event_type enum ('DRAFT','PRIVATE','PUBLIC') not null,
        primary key (id)
    )
Hibernate: 
    alter table if exists event_categories 
       add constraint FKr1pvd2finvdolgyyntti13d3x 
       foreign key (category_id) 
       references categories
Hibernate: 
    alter table if exists event_categories 
       add constraint FK25gan1thxtb38jlco3w9pjsdo 
       foreign key (event_id) 
       references events
Hibernate: 
    alter table if exists event_participants 
       add constraint FK2x391urx4up03f4jp2y9mdt5x 
       foreign key (event_id) 
       references events
2025-05-16T19:45:40.374+03:00  INFO 47898 --- [EventService] [           main] j.LocalContainerEntityManagerFactoryBean : Initialized JPA EntityManagerFactory for persistence unit 'default'
2025-05-16T19:45:40.480+03:00  INFO 47898 --- [EventService] [           main] o.s.d.j.r.query.QueryEnhancerFactory     : Hibernate is in classpath; If applicable, HQL parser will be used.
2025-05-16T19:45:41.148+03:00  WARN 47898 --- [EventService] [           main] JpaBaseConfiguration$JpaWebConfiguration : spring.jpa.open-in-view is enabled by default. Therefore, database queries may be performed during view rendering. Explicitly configure spring.jpa.open-in-view to disable this warning
2025-05-16T19:45:41.503+03:00  INFO 47898 --- [EventService] [           main] c.e.h.E.EventServiceApplicationTests     : Started EventServiceApplicationTests in 2.5 seconds (process running for 2.992)
]]></system-out>
    <system-err><![CDATA[Mockito is currently self-attaching to enable the inline-mock-maker. This will no longer work in future releases of the JDK. Please add Mockito as an agent to your build what is described in Mockito's documentation: https://javadoc.io/doc/org.mockito/mockito-core/latest/org/mockito/Mockito.html#0.3
WARNING: A Java agent has been loaded dynamically (/Users/hazzouma/.m2/repository/net/bytebuddy/byte-buddy-agent/1.15.11/byte-buddy-agent-1.15.11.jar)
WARNING: If a serviceability tool is in use, please run with -XX:+EnableDynamicAgentLoading to hide this warning
WARNING: If a serviceability tool is not in use, please run with -Djdk.instrument.traceUsage for more information
WARNING: Dynamic loading of agents will be disallowed by default in a future release
]]></system-err>
  </testcase>
  <testcase name="contextLoads" classname="com.example.hotel.EventService.EventServiceApplicationTests" time="0.001"/>
</testsuite>