<?xml version="1.0" encoding="UTF-8"?>
<testsuite xmlns:xsi="http://www.w3.org/2001/XMLSchema-instance" xsi:noNamespaceSchemaLocation="https://maven.apache.org/surefire/maven-surefire-plugin/xsd/surefire-test-report.xsd" version="3.0.2" name="com.example.hotel.EventService.services.EventServiceTest" time="0.398" tests="18" errors="0" skipped="0" failures="0">
  <properties>
[...]
</properties>
  <testcase name="signUpUserToEvent_eventFull" classname="com.example.hotel.EventService.services.EventServiceTest" time="0.306"/>
  <testcase name="getAvailableTicketsCount_nullParticipantList" classname="com.example.hotel.EventService.services.EventServiceTest" time="0.015"/>
  <testcase name="getAllEventsSimpleTest" classname="com.example.hotel.EventService.services.EventServiceTest" time="0.002"/>
  <testcase name="getEventsByParticipant_nonExistentUser" classname="com.example.hotel.EventService.services.EventServiceTest" time="0.004"/>
  <testcase name="getAvailableTicketsCount_fullyBooked" classname="com.example.hotel.EventService.services.EventServiceTest" time="0.005"/>
  <testcase name="simpleTest" classname="com.example.hotel.EventService.services.EventServiceTest" time="0.003"/>
  <testcase name="signUpUserToEvent_alreadySignedUp" classname="com.example.hotel.EventService.services.EventServiceTest" time="0.005"/>
  <testcase name="getAvailableTicketsCount_eventExists" classname="com.example.hotel.EventService.services.EventServiceTest" time="0.004"/>
  <testcase name="getEventsWithAvailableTickets" classname="com.example.hotel.EventService.services.EventServiceTest" time="0.012"/>
  <testcase name="getAllUserEvents_paginated" classname="com.example.hotel.EventService.services.EventServiceTest" time="0.004"/>
  <testcase name="getAvailableTicketsCount_emptyParticipantList" classname="com.example.hotel.EventService.services.EventServiceTest" time="0.005"/>
  <testcase name="getAvailableTicketsCount_eventDoesNotExist" classname="com.example.hotel.EventService.services.EventServiceTest" time="0.005"/>
  <testcase name="signUpUserToEvent_success" classname="com.example.hotel.EventService.services.EventServiceTest" time="0.003"/>
  <testcase name="getEventsByParticipant_paginated" classname="com.example.hotel.EventService.services.EventServiceTest" time="0.004"/>
  <testcase name="getEventsByParticipant_nonPaginated" classname="com.example.hotel.EventService.services.EventServiceTest" time="0.003"/>
  <testcase name="getAllUserEvents_nonExistentUser" classname="com.example.hotel.EventService.services.EventServiceTest" time="0.003"/>
  <testcase name="getEventsWithAvailableTickets_noAvailableEvents" classname="com.example.hotel.EventService.services.EventServiceTest" time="0.003"/>
  <testcase name="getAllUserEvents_nonPaginated" classname="com.example.hotel.EventService.services.EventServiceTest" time="0.003"/>
</testsuite>