<?xml version="1.0" encoding="UTF-8"?>
<testsuite xmlns:xsi="http://www.w3.org/2001/XMLSchema-instance" xsi:noNamespaceSchemaLocation="https://maven.apache.org/surefire/maven-surefire-plugin/xsd/surefire-test-report.xsd" version="3.0.2" name="com.example.hotel.EventService.EventServiceApplicationTests" time="9.595" tests="2" errors="0" skipped="0" failures="0">
  <properties>
[...]
</properties>
  <testcase name="simpleTest" classname="com.example.hotel.EventService.EventServiceApplicationTests" time="0.017">
    <system-out><![CDATA[13:34:04.942 [main] INFO org.springframework.test.context.support.AnnotationConfigContextLoaderUtils -- Could not detect default configuration classes for test class [com.example.hotel.EventService.EventServiceApplicationTests]: EventServiceApplicationTests does not declare any static, non-private, non-final, nested classes annotated with @Configuration.
13:34:05.040 [main] INFO org.springframework.boot.test.context.SpringBootTestContextBootstrapper -- Found @SpringBootConfiguration com.example.hotel.EventService.EventServiceApplication for test class com.example.hotel.EventService.EventServiceApplicationTests
13:34:05.289 [main] INFO org.springframework.boot.devtools.restart.RestartApplicationListener -- Restart disabled due to context in which it is running

  .   ____          _            __ _ _
 /\\ / ___'_ __ _ _(_)_ __  __ _ \ \ \ \
( ( )\___ | '_ | '_| | '_ \/ _` | \ \ \ \
 \\/  ___)| |_)| | | | | || (_| |  ) ) ) )
  '  |____| .__|_| |_|_| |_\__, | / / / /
 =========|_|==============|___/=/_/_/_/

 :: Spring Boot ::                (v3.4.4)

2025-05-05T13:34:07.015+03:00  INFO 20852 --- [EventService] [           main] c.e.h.E.EventServiceApplicationTests     : Starting EventServiceApplicationTests using Java 23.0.2 with PID 20852 (started by Sarsoura in D:\Sara\Academic\SEM 10\ACL\Final Project\ACL-Booking-System\EventService)
2025-05-05T13:34:07.016+03:00  INFO 20852 --- [EventService] [           main] c.e.h.E.EventServiceApplicationTests     : The following 1 profile is active: "test"
2025-05-05T13:34:07.972+03:00  INFO 20852 --- [EventService] [           main] .s.d.r.c.RepositoryConfigurationDelegate : Bootstrapping Spring Data JPA repositories in DEFAULT mode.
2025-05-05T13:34:08.091+03:00  INFO 20852 --- [EventService] [           main] .s.d.r.c.RepositoryConfigurationDelegate : Finished Spring Data repository scanning in 102 ms. Found 2 JPA repository interfaces.
2025-05-05T13:34:08.410+03:00  INFO 20852 --- [EventService] [           main] o.s.cloud.context.scope.GenericScope     : BeanFactory id=d5b7a1b4-629f-32af-bc24-cf87f47b6436
2025-05-05T13:34:08.825+03:00  INFO 20852 --- [EventService] [           main] o.hibernate.jpa.internal.util.LogHelper  : HHH000204: Processing PersistenceUnitInfo [name: default]
2025-05-05T13:34:08.915+03:00  INFO 20852 --- [EventService] [           main] org.hibernate.Version                    : HHH000412: Hibernate ORM core version 6.6.11.Final
2025-05-05T13:34:08.971+03:00  INFO 20852 --- [EventService] [           main] o.h.c.internal.RegionFactoryInitiator    : HHH000026: Second-level cache disabled
2025-05-05T13:34:09.159+03:00  INFO 20852 --- [EventService] [           main] o.s.o.j.p.SpringPersistenceUnitInfo      : No LoadTimeWeaver setup: ignoring JPA class transformer
2025-05-05T13:34:09.194+03:00  INFO 20852 --- [EventService] [           main] com.zaxxer.hikari.HikariDataSource       : HikariPool-1 - Starting...
2025-05-05T13:34:09.385+03:00  INFO 20852 --- [EventService] [           main] com.zaxxer.hikari.pool.HikariPool        : HikariPool-1 - Added connection conn0: url=jdbc:h2:mem:testdb user=SA
2025-05-05T13:34:09.387+03:00  INFO 20852 --- [EventService] [           main] com.zaxxer.hikari.HikariDataSource       : HikariPool-1 - Start completed.
2025-05-05T13:34:09.409+03:00  WARN 20852 --- [EventService] [           main] org.hibernate.orm.deprecation            : HHH90000025: H2Dialect does not need to be specified explicitly using 'hibernate.dialect' (remove the property setting and it will be selected by default)
2025-05-05T13:34:09.436+03:00  INFO 20852 --- [EventService] [           main] org.hibernate.orm.connections.pooling    : HHH10001005: Database info:
	Database JDBC URL [Connecting through datasource 'HikariDataSource (HikariPool-1)']
	Database driver: undefined/unknown
	Database version: 2.3.232
	Autocommit mode: undefined/unknown
	Isolation level: undefined/unknown
	Minimum pool size: undefined/unknown
	Maximum pool size: undefined/unknown
2025-05-05T13:34:10.319+03:00  INFO 20852 --- [EventService] [           main] o.h.e.t.j.p.i.JtaPlatformInitiator       : HHH000489: No JTA platform available (set 'hibernate.transaction.jta.platform' to enable JTA platform integration)
Hibernate: 
    drop table if exists categories cascade 
Hibernate: 
    drop table if exists event_categories cascade 
Hibernate: 
    drop table if exists event_participants cascade 
Hibernate: 
    drop table if exists events cascade 
Hibernate: 
    create table categories (
        id bigint generated by default as identity,
        name varchar(50) not null unique,
        description varchar(200),
        primary key (id)
    )
Hibernate: 
    create table event_categories (
        category_id bigint not null,
        event_id bigint not null,
        primary key (category_id, event_id)
    )
Hibernate: 
    create table event_participants (
        event_id bigint not null,
        participant_id bigint
    )
Hibernate: 
    create table events (
        capacity integer not null,
        is_published boolean not null,
        price float(53) not null,
        end_date_time timestamp(6) not null,
        id bigint generated by default as identity,
        organizer_id bigint not null,
        start_date_time timestamp(6) not null,
        title varchar(100) not null,
        location varchar(200) not null,
        description varchar(1000) not null,
        currency varchar(255),
        image_url varchar(255),
        event_type enum ('DRAFT','PRIVATE','PUBLIC') not null,
        primary key (id)
    )
Hibernate: 
    alter table if exists event_categories 
       add constraint FKr1pvd2finvdolgyyntti13d3x 
       foreign key (category_id) 
       references categories
Hibernate: 
    alter table if exists event_categories 
       add constraint FK25gan1thxtb38jlco3w9pjsdo 
       foreign key (event_id) 
       references events
Hibernate: 
    alter table if exists event_participants 
       add constraint FK2x391urx4up03f4jp2y9mdt5x 
       foreign key (event_id) 
       references events
2025-05-05T13:34:10.373+03:00  INFO 20852 --- [EventService] [           main] j.LocalContainerEntityManagerFactoryBean : Initialized JPA EntityManagerFactory for persistence unit 'default'
2025-05-05T13:34:10.827+03:00  INFO 20852 --- [EventService] [           main] o.s.d.j.r.query.QueryEnhancerFactory     : Hibernate is in classpath; If applicable, HQL parser will be used.
2025-05-05T13:34:12.160+03:00  WARN 20852 --- [EventService] [           main] JpaBaseConfiguration$JpaWebConfiguration : spring.jpa.open-in-view is enabled by default. Therefore, database queries may be performed during view rendering. Explicitly configure spring.jpa.open-in-view to disable this warning
2025-05-05T13:34:14.338+03:00  INFO 20852 --- [EventService] [           main] o.s.cloud.commons.util.InetUtils         : Cannot determine local hostname
2025-05-05T13:34:14.433+03:00  INFO 20852 --- [EventService] [           main] c.e.h.E.EventServiceApplicationTests     : Started EventServiceApplicationTests in 9.158 seconds (process running for 12.932)
]]></system-out>
  </testcase>
  <testcase name="contextLoads" classname="com.example.hotel.EventService.EventServiceApplicationTests" time="0.006"/>
</testsuite>